<?xml version="1.0" encoding="UTF-8"?>
<!-- Generated by org.testng.reporters.JUnitReportReporter -->
<testsuite skipped="0" hostname="HP" name="com.actitime.testscripts.LoginTest" tests="1" failures="0" timestamp="23 Sep 2020 11:28:20 GMT" time="12.053" errors="0">
  <testcase name="loginTest" time="12.053" classname="com.actitime.testscripts.LoginTest"/>
</testsuite> <!-- com.actitime.testscripts.LoginTest -->
