<?xml version="1.0" encoding="UTF-8"?>
<!-- Generated by org.testng.reporters.JUnitReportReporter -->
<testsuite skipped="0" hostname="HP" name="com.actitime.testscripts.LoginTest" tests="1" failures="0" timestamp="2020-05-25T00:38:22 IST" time="19.312" errors="0">
  <testcase name="loginTest" time="19.312" classname="com.actitime.testscripts.LoginTest"/>
  <system-out/>
</testsuite> <!-- com.actitime.testscripts.LoginTest -->
